<?xml version="1.0" encoding="UTF-8"?>
<!-- Generated by org.testng.reporters.JUnitReportReporter -->
<testsuite hostname="Tannaz" failures="0" tests="1" name="borno_testRunner.borno_TestRunner" time="14.244" errors="0" timestamp="2023-10-03T19:47:21 EDT" skipped="0">
  <testcase classname="borno_testRunner.borno_TestRunner" name="feature" time="14.244"/>
</testsuite> <!-- borno_testRunner.borno_TestRunner -->
